=== apply_tick_bridge.py ===
Updated 0 source files for the tick compatibility bridge
=== apply_network_bridge.py ===
Updated 0 source files for the network compatibility bridge
=== apply_inventory_attachment.py ===
Updated 0 files for the inventory attachment
=== apply_player_variables_attachment.py ===
Updated 1 files for player variable attachments
=== apply_saved_data_api.py ===
Migrated SCP Additions SavedData classes to Minecraft 1.21.1
=== apply_inventory_stack_serialization.py ===
Migrated SCP inventory ItemStack serialization to registry-aware 1.21.1 APIs
=== apply_misc_api_moves.py ===
Updated 0 files for moved APIs
=== apply_item_custom_data.py ===
Updated 2 files for ItemStack custom data
Potential legacy item tag calls remaining:
src/main/java/com/bl4ues/scpinventory/item/ScpPickupRouter.java
src/main/java/net/mcreator/scpadditions/data/Scp914RecipeManager.java
=== apply_item_api_renames.py ===
Updated 0 files for Minecraft 1.21 item API names
=== apply_core_api_moves.py ===
Applied NeoForge 1.21.1 core API migrations
=== apply_capability_and_ui_api.py ===
Applied NeoForge capability, tooltip, input, and GUI API migrations
=== apply_gameplay_api_round2.py ===
Applied NeoForge 1.21.1 gameplay/API migration round 2
=== apply_gameplay_api_round3.py ===
Applied NeoForge 1.21.1 gameplay/API migration round 3
=== apply_gameplay_api_round4.py ===
Applied NeoForge 1.21.1 gameplay/API migration round 4
=== apply_gameplay_api_round5.py ===
Applied NeoForge 1.21.1 gameplay/API migration round 5
=== apply_gameplay_api_round6.py ===
Migrated 80 block item registrations away from early registry access; removed 3 invalid empty event subscribers
Generated Fabric bridge core and 94 subscriber registrations
 .../scpinventory/capability/IScpInventory.java     |   5 +-
 .../scpinventory/capability/ScpInventory.java      |  95 ++--
 .../capability/ScpInventoryCapability.java         |  53 +-
 .../capability/ScpInventoryProvider.java           |  36 +-
 .../scpinventory/client/ClientGameplayEvents.java  |  12 +-
 .../scpinventory/client/ClientKeyHandler.java      |  12 +-
 .../scpinventory/client/ClientModEvents.java       |  47 +-
 .../scpinventory/client/ClientPacketHandlers.java  |   6 +-
 .../scpinventory/client/CoinCounterClient.java     |   4 -
 .../client/ContextConfigClientEvents.java          |  14 +-
 .../client/ContextConfigClientHandler.java         |   4 +-
 .../client/ContextPromptClickGuard.java            |  12 +-
 .../scpinventory/client/ContextPromptIcons.java    |   8 +-
 .../scpinventory/client/CraftingInputHandler.java  |  16 +-
 .../scpinventory/client/InventoryFullOverlay.java  |   6 +-
 .../client/InventoryUiSessionEvents.java           |  12 +-
 .../client/ItemConfigClientHandler.java            |   4 +-
 .../com/bl4ues/scpinventory/client/Keybinds.java   |   2 +-
 .../scpinventory/client/PickupPromptClient.java    |   4 +-
 .../client/PickupPromptWorldEvents.java            |  12 +-
 .../client/ScpCraftingClientState.java             |  10 +-
 .../com/bl4ues/scpinventory/client/ScpFonts.java   |   4 +-
 .../client/ShiftClickEquipHandler.java             |  12 +-
 .../client/StatusEffectTimelineClient.java         |   2 +-
 .../client/UsableHotbarSessionClient.java          |  16 +-
 .../client/gui/ContextConfigScreen.java            |   7 +-
 .../scpinventory/client/gui/ItemConfigScreen.java  |   2 +-
 .../client/gui/ScpInventoryScreen.java             |  34 +-
 .../client/gui/components/CraftingPanel.java       |   8 +-
 .../client/gui/components/ScrollableItemList.java  |   3 +-
 .../client/gui/components/StatusPanel.java         |  19 +-
 .../commands/ScpInventoryCommands.java             |  18 +-
 .../scpinventory/config/ItemConfigManager.java     |   2 +-
 .../context/ContextConfigCommands.java             |  10 +-
 .../scpinventory/context/ContextConfigManager.java |  21 +-
 .../context/ContextConfigSaveService.java          |   2 +-
 .../context/ContextEntityConfigManager.java        |  19 +-
 .../context/ContextInteractionRegistry.java        |   9 +-
 .../crafting/ScpCraftingKnowledgeEvents.java       |  16 +-
 .../crafting/ScpCraftingRecipeHelper.java          |  20 +-
 .../scpinventory/crafting/ScpCraftingService.java  |  26 +-
 .../scpinventory/crafting/ScpCraftingState.java    |  22 +-
 .../scpinventory/debug/ScpInventoryDebug.java      |   4 +-
 .../event/ScpInventoryMaintenanceEvents.java       |  28 +-
 .../event/ScpInventoryUsableOutputGuardEvents.java |  16 +-
 .../scpinventory/events/BlockPickupHandler.java    |  32 +-
 .../scpinventory/events/CapabilityEvents.java      |  48 +-
 .../events/InventoryModuleStateEvents.java         |  16 +-
 .../events/VanillaMirrorSyncHandler.java           |  24 +-
 .../scpinventory/item/CodexDocumentDefinition.java |   6 +-
 .../scpinventory/item/ScpItemClassifier.java       |   8 +-
 .../bl4ues/scpinventory/item/ScpItemEffects.java   |   4 +-
 .../bl4ues/scpinventory/item/ScpPickupRouter.java  |  58 +-
 .../network/ContextConfigDeletePacket.java         |   4 +-
 .../network/ContextConfigOpenPacket.java           |   2 +-
 .../network/ContextConfigReloadPacket.java         |   2 +-
 .../network/ContextConfigSavePacket.java           |   4 +-
 .../network/ContextConfigSelectPacket.java         |   2 +-
 .../network/ContextInteractPacket.java             |   2 +-
 .../scpinventory/network/CraftingActionPacket.java |   2 +-
 .../network/CraftingStateSyncPacket.java           |   6 +-
 .../scpinventory/network/DocumentActionPacket.java |   4 +-
 .../network/EquipmentActionPacket.java             |   4 +-
 .../network/InventoryActionPacket.java             |   8 +-
 .../scpinventory/network/InventoryFullPacket.java  |   6 +-
 .../network/InventoryModuleStatePacket.java        |   2 +-
 .../scpinventory/network/InventoryMovePacket.java  |   4 +-
 .../network/ItemConfigDeletePacket.java            |   4 +-
 .../scpinventory/network/ItemConfigOpenPacket.java |   2 +-
 .../network/ItemConfigOpenRequestPacket.java       |   2 +-
 .../network/ItemConfigReloadPacket.java            |   2 +-
 .../scpinventory/network/ItemConfigSavePacket.java |   4 +-
 .../scpinventory/network/KeyActionPacket.java      |   4 +-
 .../scpinventory/network/MainUseActionPacket.java  |   8 +-
 .../bl4ues/scpinventory/network/ModNetwork.java    |  10 +-
 .../scpinventory/network/PickupItemPacket.java     |   4 +-
 .../network/RequestCraftingStatePacket.java        |   6 +-
 .../network/RequestInventorySyncPacket.java        |   4 +-
 .../scpinventory/network/SyncInventoryPacket.java  |   6 +-
 .../network/UsableSessionDropPacket.java           |   2 +-
 .../network/UsableSessionReturnPacket.java         |   2 +-
 .../scpinventory/network/UseHotbarItemPacket.java  |  12 +-
 .../net/mcreator/scpadditions/ScpAdditionsMod.java |  39 +-
 .../scpadditions/block/ButtonLoffBlock.java        | 294 +++++-----
 .../scpadditions/block/ButtonLonBlock.java         | 321 +++++------
 .../scpadditions/block/ButtonRoffBlock.java        | 294 +++++-----
 .../scpadditions/block/ButtonRonBlock.java         | 321 +++++------
 .../scpadditions/block/DeconClosedBlock.java       |  18 +-
 .../scpadditions/block/DeconOpenBlock.java         |  14 +-
 .../scpadditions/block/DeconOpenReloadBlock.java   |  18 +-
 .../scpadditions/block/LeftReaderAcceptBlock.java  | 318 +++++------
 .../scpadditions/block/LeftReaderBlock.java        | 272 +++++-----
 .../scpadditions/block/LeftReaderWrongBlock.java   | 288 +++++-----
 .../block/Lv2LeftReaderAcceptBlock.java            | 318 +++++------
 .../scpadditions/block/Lv2LeftReaderBlock.java     | 272 +++++-----
 .../block/Lv2LeftReaderWrongBlock.java             | 288 +++++-----
 .../block/Lv2RightReaderAcceptBlock.java           | 318 +++++------
 .../scpadditions/block/Lv2RightReaderBlock.java    | 272 +++++-----
 .../block/Lv2RightReaderWrongBlock.java            | 286 +++++-----
 .../block/Lv3LeftReaderAcceptBlock.java            | 318 +++++------
 .../scpadditions/block/Lv3LeftReaderBlock.java     | 272 +++++-----
 .../block/Lv3LeftReaderWrongBlock.java             | 288 +++++-----
 .../block/Lv3RightReaderAcceptBlock.java           | 318 +++++------
 .../scpadditions/block/Lv3RightReaderBlock.java    | 272 +++++-----
 .../block/Lv3RightReaderWrongBlock.java            | 286 +++++-----
 .../block/Lv4LeftReaderAcceptBlock.java            | 318 +++++------
 .../scpadditions/block/Lv4LeftReaderBlock.java     | 272 +++++-----
 .../block/Lv4LeftReaderWrongBlock.java             | 288 +++++-----
 .../block/Lv4RightReaderAcceptBlock.java           | 318 +++++------
 .../scpadditions/block/Lv4RightReaderBlock.java    | 272 +++++-----
 .../block/Lv4RightReaderWrongBlock.java            | 288 +++++-----
 .../block/Lv5LeftReaderAcceptBlock.java            | 318 +++++------
 .../scpadditions/block/Lv5LeftReaderBlock.java     | 272 +++++-----
 .../block/Lv5LeftReaderWrongBlock.java             | 288 +++++-----
 .../block/Lv5RightReaderAcceptBlock.java           | 318 +++++------
 .../scpadditions/block/Lv5RightReaderBlock.java    | 272 +++++-----
 .../block/Lv5RightReaderWrongBlock.java            | 286 +++++-----
 .../block/Lv6LeftReaderAcceptBlock.java            | 318 +++++------
 .../scpadditions/block/Lv6LeftReaderBlock.java     | 272 +++++-----
 .../block/Lv6LeftReaderWrongBlock.java             | 288 +++++-----
 .../block/Lv6RightReaderAcceptBlock.java           | 318 +++++------
 .../scpadditions/block/Lv6RightReaderBlock.java    | 272 +++++-----
 .../block/Lv6RightReaderWrongBlock.java            | 288 +++++-----
 .../scpadditions/block/RightReaderAcceptBlock.java | 318 +++++------
 .../scpadditions/block/RightReaderBlock.java       | 272 +++++-----
 .../scpadditions/block/RightReaderWrongBlock.java  | 288 +++++-----
 .../block/SCP079SystemControlBlock.java            |   6 +-
 .../scpadditions/block/Scp079controlBlock.java     |  13 +-
 .../scpadditions/block/Scp079controloffBlock.java  |   6 +-
 .../scpadditions/block/Scp079offBlock.java         | 301 ++++++-----
 .../mcreator/scpadditions/block/Scp079onBlock.java | 296 +++++-----
 .../mcreator/scpadditions/block/Scp1176Block.java  | 293 +++++-----
 .../mcreator/scpadditions/block/Scp294Block.java   | 406 +++++++-------
 .../scpadditions/block/Scp294OutOfRangeBlock.java  | 360 +++++++------
 .../scpadditions/block/Scp294StockingBlock.java    | 360 +++++++------
 .../mcreator/scpadditions/block/Scp330Block.java   | 269 ++++-----
 .../mcreator/scpadditions/block/Scp426Block.java   | 269 ++++-----
 .../scpadditions/block/Scp902ClosedBlock.java      | 309 +++++------
 .../scpadditions/block/Scp902OpenBlock.java        | 309 +++++------
 .../scpadditions/block/Scp914IntakeBlock.java      | 186 +++----
 .../scpadditions/block/Scp914IntakeDoorBlock.java  | 228 ++++----
 .../block/Scp914IntakeDoorClosedBlock.java         | 246 ++++-----
 .../scpadditions/block/Scp914KeyWindBlock.java     | 227 ++++----
 .../scpadditions/block/Scp914OutputBlock.java      | 186 +++----
 .../scpadditions/block/Scp914OutputDoorBlock.java  | 228 ++++----
 .../block/Scp914OutputDoorClosedBlock.java         | 246 ++++-----
 .../scpadditions/block/Scp914blockBlock.java       | 126 ++---
 .../scpadditions/block/Scp914bodyBlock.java        | 244 ++++-----
 .../scpadditions/block/Scp914clockworks2Block.java |  18 +-
 .../scpadditions/block/Scp914clockworksBlock.java  |  14 +-
 .../scpadditions/block/Scp914dial1to1Block.java    | 268 +++++----
 .../scpadditions/block/Scp914dialCoarseBlock.java  | 302 +++++------
 .../scpadditions/block/Scp914dialFineBlock.java    | 302 +++++------
 .../scpadditions/block/Scp914dialRoughBlock.java   | 302 +++++------
 .../block/Scp914dialVeryFineBlock.java             | 302 +++++------
 .../scpadditions/block/TeslaActive2Block.java      |  18 +-
 .../scpadditions/block/TeslaActive3Block.java      |  18 +-
 .../scpadditions/block/TeslaActive4Block.java      |  18 +-
 .../scpadditions/block/TeslaActiveBlock.java       |  18 +-
 .../scpadditions/block/TeslaGateBlock.java         |  12 +-
 .../block/TeslaGateCollisionBlock.java             |   5 +-
 .../block/TeslaGateStructureBlocks.java            |  17 +-
 .../block/TeslaGateStructureEvents.java            |  10 +-
 .../scpadditions/block/TeslaRechargeBlock.java     |  17 +-
 .../block/TeslaTerminalBlockBlock.java             |  25 +-
 .../scpadditions/block/TeslaTerminalOffBlock.java  |  16 +-
 .../block/entity/Scp294BlockEntity.java            | 286 +++++-----
 .../block/entity/Scp294OutOfRangeBlockEntity.java  | 286 +++++-----
 .../block/entity/Scp294StockingBlockEntity.java    | 286 +++++-----
 .../scpadditions/client/AudioMufflingClient.java   |  16 +-
 .../mcreator/scpadditions/client/BlinkClient.java  |  10 +-
 .../scpadditions/client/BlinkClientEvents.java     |  12 +-
 .../scpadditions/client/CodexAssetClient.java      |   3 +-
 .../scpadditions/client/CodexImageDropScreen.java  |   2 +-
 .../scpadditions/client/CodexTextEditorScreen.java |   8 +-
 .../client/EquipmentProgressClientEvents.java      |  12 +-
 .../client/GameplayItemTooltipEvents.java          |  14 +-
 .../scpadditions/client/HazmatArmorModel.java      |   6 +-
 .../client/HazmatSuitClientEvents.java             |  14 +-
 .../scpadditions/client/HazmatVisorOverlay.java    |   2 +-
 .../KeycardReaderClientInteractionEvents.java      |  21 +-
 .../scpadditions/client/Scp012AudioClient.java     |  12 +-
 .../scpadditions/client/Scp012ClientEvents.java    |  14 +-
 .../client/Scp012SubliminalOverlay.java            |   3 +-
 .../scpadditions/client/Scp1176HoneyVignette.java  |   6 +-
 .../scpadditions/client/Scp131ARenderer.java       |   2 +-
 .../scpadditions/client/Scp131BRenderer.java       |   2 +-
 .../scpadditions/client/Scp131ClientEvents.java    |  12 +-
 .../scpadditions/client/Scp131Keybinds.java        |   2 +-
 .../scpadditions/client/Scp131LoopSoundEvents.java |  14 +-
 .../mcreator/scpadditions/client/Scp131Model.java  |   6 +-
 .../scpadditions/client/Scp131NoticeOverlay.java   |   2 +-
 .../scpadditions/client/Scp173ClientModEvents.java |  72 +--
 .../scpadditions/client/Scp173Keybinds.java        |   2 +-
 .../mcreator/scpadditions/client/Scp173Model.java  |   6 +-
 .../scpadditions/client/Scp714MusicClient.java     |  12 +-
 .../client/Scp914SkinRenderEvents.java             |  22 +-
 .../net/mcreator/scpadditions/client/ScpFonts.java |   4 +-
 .../client/SmoothRadialVignetteRenderer.java       |  12 +-
 .../client/UnityColorPickerScreen.java             |   2 +-
 .../client/UnityConfigurationUiEvents.java         |  42 +-
 .../client/color/Scp294CupColorHandler.java        |  18 +-
 .../client/gui/KeycardReaderConfigScreen.java      |   4 +-
 .../scpadditions/client/gui/Scp294GuiScreen.java   |  10 +-
 .../scpadditions/client/gui/Scp914GuiScreen.java   |   8 +-
 .../client/gui/TeslaTerminalScreen.java            |  13 +-
 .../config/ScpAdditionsModulesConfig.java          |   2 +-
 .../config/ScpAdditionsReloadCommand.java          |  25 +-
 .../scpadditions/config/ui/CodexAssetStorage.java  |  17 +-
 .../scpadditions/config/ui/ConfigCenterClient.java | 152 +++---
 .../config/ui/ConfigCenterCommand.java             |  10 +-
 .../config/ui/ConfigCenterNetwork.java             |  10 +-
 .../config/ui/ConfigCenterService.java             |   4 +-
 .../scpadditions/data/Scp294ActionExecutor.java    |  51 +-
 .../scpadditions/data/Scp294DrinkManager.java      |  21 +-
 .../data/Scp914GenericRecipeResolver.java          |  32 +-
 .../scpadditions/data/Scp914Processor.java         |  13 +-
 .../scpadditions/data/Scp914RecipeBridge.java      |   8 +-
 .../scpadditions/data/Scp914RecipeManager.java     |  43 +-
 .../scpadditions/data/Scp914SkinManager.java       |   4 +-
 .../scpadditions/effect/EyeProtectionAccess.java   |   7 +-
 .../scpadditions/effect/EyeSoreEffectEvents.java   |  33 +-
 .../effect/HazmatExternalEffectEvents.java         |  23 +-
 .../effect/InventoryOnlyMobEffect.java             |   2 +-
 .../scpadditions/effect/Scp1176HoneyedEffect.java  |   2 +-
 .../scpadditions/effect/Scp714ExposureManager.java |  17 +-
 .../scpadditions/entity/AbstractScp131Entity.java  |  14 +-
 .../scpadditions/entity/BlinkWatcherEntity.java    |   4 +-
 .../mcreator/scpadditions/entity/Scp131Sounds.java |  22 +-
 .../mcreator/scpadditions/entity/Scp173Entity.java |  23 +-
 .../mcreator/scpadditions/entity/Scp173Sounds.java |  26 +-
 .../scpadditions/entity/Scp173TargetConfig.java    |   2 +-
 .../scpadditions/equipment/HazmatSuitAccess.java   |   2 +-
 .../scpadditions/equipment/HazmatSuitEvents.java   |  24 +-
 .../scpadditions/equipment/HazmatSuitManager.java  |   6 +-
 .../event/BlinkWatcherAggroEvents.java             |  10 +-
 .../scpadditions/event/Scp173DurabilityEvents.java |  18 +-
 .../event/Scp173MovementScrapeEvents.java          |  10 +-
 .../event/Scp173PostKillDespawnEvents.java         |  10 +-
 .../scpadditions/event/Scp173SpawnEvents.java      |  12 +-
 .../event/Scp173TargetRecoveryEvents.java          |  10 +-
 .../event/TeslaGateSynchronizationEvents.java      |  12 +-
 .../facility/CornerWallDetailPlacementEvents.java  |  12 +-
 .../DoorButtonIndependentInteractionEvents.java    |  12 +-
 .../facility/DoorButtonPlacementEvents.java        |  12 +-
 .../scpadditions/facility/FacilityBlockEvents.java |  10 +-
 .../facility/FacilityBlockMiningEvents.java        |  32 +-
 .../facility/FacilityClientRenderEvents.java       |  14 +-
 .../facility/FacilityLegacyMappings.java           |  51 +-
 .../scpadditions/facility/FacilityModule.java      | 227 ++++----
 .../facility/HeavyDoorAnimationTiming.java         |  23 +-
 .../facility/HeavyDoorControlPanelAccess.java      |  10 +-
 .../scpadditions/facility/HeavyDoorPowerRelay.java |  24 +-
 .../scpadditions/facility/LeftDoorButtons.java     |  39 +-
 .../scpadditions/facility/MirroredDoorButtons.java |  39 +-
 .../facility/RaisedFacilityPlacementEvents.java    |  12 +-
 .../facility/Scp079FacilityThreatEvents.java       |  14 +-
 .../scpadditions/facility/UBlocksClientEvents.java |  16 +-
 .../scpadditions/facility/UBlocksModule.java       | 109 ++--
 .../scpadditions/handler/Scp294DrinkHandler.java   |  23 +-
 .../mcreator/scpadditions/init/Scp131Items.java    |  16 +-
 .../mcreator/scpadditions/init/Scp714Items.java    |  12 +-
 .../init/ScpAdditionsModBlockEntities.java         |  58 +-
 .../scpadditions/init/ScpAdditionsModBlocks.java   | 170 +++---
 .../scpadditions/init/ScpAdditionsModEntities.java |  26 +-
 .../init/ScpAdditionsModEntityRenderers.java       |  12 +-
 .../init/ScpAdditionsModGameRules.java             |   3 -
 .../scpadditions/init/ScpAdditionsModItems.java    | 225 ++++----
 .../scpadditions/init/ScpAdditionsModMenus.java    |  50 +-
 .../init/ScpAdditionsModMobEffects.java            |  18 +-
 .../init/ScpAdditionsModParticleTypes.java         |  12 +-
 .../scpadditions/init/ScpAdditionsModScreens.java  |  26 +-
 .../scpadditions/init/ScpAdditionsModSounds.java   | 132 ++---
 .../scpadditions/init/ScpAdditionsModTabs.java     |  31 +-
 .../scpadditions/init/UnifiedReaderItems.java      |  12 +-
 .../scpadditions/inventory/ScpInventoryAccess.java |   6 +-
 .../inventory/ScpInventoryIntegration.java         |  12 +-
 .../net/mcreator/scpadditions/item/CoffeeItem.java |  18 +-
 .../net/mcreator/scpadditions/item/CoinItem.java   |  44 +-
 .../mcreator/scpadditions/item/CreditCardItem.java |  44 +-
 .../mcreator/scpadditions/item/EmptyCupItem.java   |  44 +-
 .../scpadditions/item/HazmatArmorItem.java         |   9 +-
 .../scpadditions/item/HazmatArmorMaterial.java     |  59 --
 .../mcreator/scpadditions/item/HazmatSuitItem.java |   7 +-
 .../scpadditions/item/LegacyDrinkItemMappings.java |  32 +-
 .../scpadditions/item/Level1KeycardItem.java       |  66 +--
 .../scpadditions/item/Level2KeycardItem.java       |  66 +--
 .../scpadditions/item/Level3KeycardItem.java       |  66 +--
 .../scpadditions/item/Level4KeycardItem.java       |  66 +--
 .../scpadditions/item/Level5KeycardItem.java       |  66 +--
 .../scpadditions/item/Level6KeycardItem.java       |  66 +--
 .../scpadditions/item/NamedSpawnEggItem.java       |   8 +-
 .../scpadditions/item/OffsetKeycardReaderItem.java |   5 +-
 .../scpadditions/item/PiecesOfPaperItem.java       |  44 +-
 .../scpadditions/item/PlayingCardItem.java         |  44 +-
 .../net/mcreator/scpadditions/item/SCP572Item.java | 135 ++---
 .../scpadditions/item/Scp1176honeyItem.java        | 126 ++---
 .../scpadditions/item/Scp330BlueCandyItem.java     |  82 +--
 .../scpadditions/item/Scp330GreenCandyItem.java    |  82 +--
 .../scpadditions/item/Scp330RedCandyItem.java      |  82 +--
 .../scpadditions/item/Scp330YellowCandyItem.java   |  82 +--
 .../net/mcreator/scpadditions/item/Scp714Item.java |   5 +-
 .../scpadditions/item/Scp914AssemblyKitItem.java   |  15 +-
 .../scpadditions/item/ScrewdriverItem.java         |  11 +-
 .../scpadditions/item/SecurityCredentialsItem.java |   4 +-
 .../keycard/KeycardReaderInteractionEvents.java    |  25 +-
 .../scpadditions/keycard/KeycardReaderLevels.java  |   7 +-
 .../network/BlinkInputStatePacket.java             |   2 +-
 .../scpadditions/network/BlinkStatePacket.java     |   6 +-
 .../scpadditions/network/ClientPacketExecutor.java |   4 +-
 .../scpadditions/network/EnterSoundPacket.java     |   2 +-
 .../network/EquipmentProgressPacket.java           |   6 +-
 .../network/HazmatRemovalInputPacket.java          |   2 +-
 .../KeycardReaderApplySavedLevelPacket.java        |   2 +-
 .../network/KeycardReaderCopyLevelPacket.java      |   2 +-
 .../network/KeycardReaderOpenScreenPacket.java     |   6 +-
 .../network/KeycardReaderSetLevelPacket.java       |   2 +-
 .../scpadditions/network/ScareSoundPacket.java     |   2 +-
 .../network/Scp012InfluencePacket.java             |   6 +-
 .../scpadditions/network/Scp1176MusicPacket.java   |   2 +-
 .../scpadditions/network/Scp131NoticePacket.java   |   6 +-
 .../scpadditions/network/Scp131StopPacket.java     |   2 +-
 .../network/Scp173ObservationPacket.java           |   2 +-
 .../network/Scp294GuiButtonMessage.java            |  12 +-
 .../scpadditions/network/Scp294GuiSlotMessage.java | 186 +++----
 .../scpadditions/network/Scp714ExposurePacket.java |   6 +-
 .../network/Scp914GuiButtonMessage.java            | 192 +++----
 .../network/ScpAdditionsModVariables.java          | 143 ++---
 .../scpadditions/network/ScpEntityNetwork.java     |   2 +-
 .../network/TeslaTerminalButtonMessage.java        |  12 +-
 .../procedures/BloodType1Procedure.java            | 214 ++++----
 .../procedures/BlueCandyProcedure.java             |  59 +-
 .../ButtonLoffOnBlockRightClickedProcedure.java    |  87 +--
 .../ButtonRoffOnBlockRightClickedProcedure.java    |  87 +--
 .../DecontaminationCheckpointController.java       |  10 +-
 .../procedures/GreenCandyProcedure.java            |  59 +-
 .../procedures/Lv1LeftAcceptProcedure.java         |  89 +--
 .../procedures/Lv1RightAcceptProcedure.java        |  89 +--
 .../procedures/Lv1RightWrongProcedure.java         |  89 +--
 .../procedures/Lv2LeftAcceptProcedure.java         |  89 +--
 .../procedures/Lv2LeftWrongProcedure.java          |  89 +--
 .../procedures/Lv2RightAcceptProcedure.java        |  89 +--
 .../procedures/Lv2RightWrongProcedure.java         |  89 +--
 .../procedures/Lv3LeftAcceptProcedure.java         |  89 +--
 .../procedures/Lv3LeftWrongProcedure.java          |  89 +--
 .../procedures/Lv3RightAcceptProcedure.java        |  89 +--
 .../procedures/Lv3RightWrongProcedure.java         |  89 +--
 .../procedures/Lv4LeftAcceptProcedure.java         |  89 +--
 .../procedures/Lv4LeftWrongProcedure.java          |  89 +--
 .../procedures/Lv4RightAcceptProcedure.java        |  89 +--
 .../procedures/Lv4RightWrongProcedure.java         |  89 +--
 .../procedures/Lv5LeftAcceptProcedure.java         |  89 +--
 .../procedures/Lv5LeftWrongProcedure.java          |  89 +--
 .../procedures/Lv5RightAcceptProcedure.java        |  89 +--
 .../procedures/Lv5RightWrongProcedure.java         |  89 +--
 .../procedures/Lv6LeftAcceptProcedure.java         |  89 +--
 .../procedures/Lv6LeftWrongProcedure.java          |  89 +--
 .../procedures/Lv6RightAcceptProcedure.java        |  89 +--
 .../procedures/Lv6RightWrongProcedure.java         |  89 +--
 .../procedures/LvLeftWrongProcedure.java           |  89 +--
 .../scpadditions/procedures/RedCandyProcedure.java |  59 +-
 .../procedures/SCP079SystemControlPProcedure.java  |  66 +--
 .../SCP572ItemInInventoryTickProcedure.java        |  44 +-
 .../SCP572LivingEntityIsHitWithItemProcedure.java  |  74 +--
 .../SCPAdditionsAchievementProcedure.java          |  80 +--
 .../procedures/Scp079offPProcedure.java            | 111 ++--
 .../procedures/Scp079onPProcedure.java             | 133 ++---
 .../Scp1176OnBlockRightClickedProcedure.java       | 114 ++--
 .../procedures/Scp1176UpdateTickProcedure.java     |  60 +--
 ...p1176honeyPlayerFinishesUsingItemProcedure.java |  12 +-
 .../procedures/Scp294BlockAddedProcedure.java      |  43 +-
 .../procedures/Scp294CoinSlotProcedure.java        |  77 +--
 .../Scp294OutOfRangeProcedureProcedure.java        |   4 +-
 .../procedures/Scp294drinkGiveProcedure.java       |  17 +-
 .../procedures/Scp294restock2Procedure.java        | 108 ++--
 .../procedures/Scp294restockProcedure.java         | 151 +++---
 .../procedures/Scp330CandyClear2Procedure.java     |  62 +--
 .../procedures/Scp330CandyClearProcedure.java      |  62 +--
 .../procedures/Scp330CandyDropProcedure.java       | 297 +++++-----
 .../procedures/Scp330CandyGiveProcedure.java       |  90 ++--
 .../Scp426OnBlockRightClickedProcedure.java        | 204 +++----
 .../Scp902ClosedOnBlockRightClickedProcedure.java  | 177 +++---
 .../Scp902ClosedUpdateTickProcedure.java           |  99 ++--
 .../Scp902OpenOnBlockRightClickedProcedure.java    |  87 +--
 .../Scp9141to1PlayerReset2Procedure.java           |  58 +-
 .../procedures/Scp9141to1PlayerResetProcedure.java |  58 +-
 .../Scp914IntakeDoorClosedBlockAddedProcedure.java |  95 ++--
 .../Scp914IntakeDoorUpdateTickProcedure.java       |   7 +-
 .../Scp914OutputDoorClosedBlockAddedProcedure.java |  95 ++--
 .../Scp914OutputDoorUpdateTickProcedure.java       |   7 +-
 .../procedures/Scp914RefiningProcedure.java        |  60 ++-
 .../procedures/Scp914WindKeyProcedure.java         |  11 +-
 .../procedures/Scp914to1to1Procedure.java          | 105 ++--
 .../procedures/Scp914toCoarseProcedure.java        | 105 ++--
 .../procedures/Scp914toFineProcedure.java          | 105 ++--
 .../procedures/Scp914toRoughProcedure.java         | 105 ++--
 .../procedures/Scp914toVeryFineProcedure.java      | 105 ++--
 .../procedures/TeslaGatePulseHelper.java           |   8 +-
 .../procedures/TeslaGateUpdateTickProcedure.java   |   9 +-
 .../TeslaRechargeBlockAddedProcedure.java          |  89 +--
 .../procedures/YellowCandyProcedure.java           |  59 +-
 .../scpadditions/scp012/Scp012BleedingEvents.java  |  34 +-
 .../mcreator/scpadditions/scp012/Scp012Block.java  |   7 +
 .../scpadditions/scp012/Scp012Commands.java        |  12 +-
 .../mcreator/scpadditions/scp012/Scp012Damage.java |   2 +-
 .../scpadditions/scp012/Scp012InfluenceEvents.java |  25 +-
 .../mcreator/scpadditions/scp012/Scp012Module.java |  42 +-
 .../scpadditions/vitals/HorrorMovementEvents.java  |  14 +-
 .../scpadditions/vitals/HorrorMovementNetwork.java |  20 +-
 .../scpadditions/vitals/PlayerStaminaEvents.java   |  14 +-
 .../vitals/StaminaItemEffectConfig.java            |   2 +-
 .../vitals/client/ClientVitalsEvents.java          |  20 +-
 .../vitals/client/ClientVitalsModEvents.java       |  25 +-
 .../vitals/client/HorrorMovementClientEvents.java  |  14 +-
 .../vitals/client/PlayerVitalsOverlay.java         |  11 +-
 .../world/features/StructureFeature.java           |  99 ++--
 .../world/inventory/Scp294GuiMenu.java             | 598 +++++++++++----------
 .../world/inventory/Scp914GuiMenu.java             | 148 ++---
 .../world/inventory/TeslaTerminalMenu.java         |   4 +-
 src/main/resources/META-INF/accesstransformer.cfg  |   6 -
 src/main/resources/META-INF/mods.toml              |  49 --
 421 files changed, 16422 insertions(+), 15825 deletions(-)
