/home/runner/work/SCP-Additions/SCP-Additions/src/main/java/com/bl4ues/scpinventory/capability/ScpInventoryProvider.java:5: error: cannot find symbol
/home/runner/work/SCP-Additions/SCP-Additions/src/main/java/com/bl4ues/scpinventory/capability/ScpInventoryProvider.java:6: error: cannot find symbol
/home/runner/work/SCP-Additions/SCP-Additions/src/main/java/com/bl4ues/scpinventory/capability/ScpInventoryProvider.java:7: error: cannot find symbol
/home/runner/work/SCP-Additions/SCP-Additions/src/main/java/com/bl4ues/scpinventory/capability/ScpInventoryProvider.java:12: error: cannot find symbol
/home/runner/work/SCP-Additions/SCP-Additions/src/main/java/com/bl4ues/scpinventory/capability/ScpInventoryProvider.java:14: error: cannot find symbol
/home/runner/work/SCP-Additions/SCP-Additions/src/main/java/com/bl4ues/scpinventory/capability/ScpInventoryProvider.java:17: error: cannot find symbol
/home/runner/work/SCP-Additions/SCP-Additions/src/main/java/com/bl4ues/scpinventory/capability/ScpInventoryProvider.java:21: error: cannot find symbol
/home/runner/work/SCP-Additions/SCP-Additions/src/main/java/com/bl4ues/scpinventory/capability/ScpInventoryProvider.java:21: error: cannot find symbol
/home/runner/work/SCP-Additions/SCP-Additions/src/main/java/com/bl4ues/scpinventory/capability/ScpInventoryCapability.java:3: error: cannot find symbol
/home/runner/work/SCP-Additions/SCP-Additions/src/main/java/com/bl4ues/scpinventory/capability/ScpInventoryCapability.java:4: error: cannot find symbol
/home/runner/work/SCP-Additions/SCP-Additions/src/main/java/com/bl4ues/scpinventory/capability/ScpInventoryCapability.java:5: error: cannot find symbol
/home/runner/work/SCP-Additions/SCP-Additions/src/main/java/com/bl4ues/scpinventory/capability/ScpInventoryCapability.java:9: error: cannot find symbol
/home/runner/work/SCP-Additions/SCP-Additions/src/main/java/com/bl4ues/scpinventory/events/BlockPickupHandler.java:15: error: cannot find symbol
/home/runner/work/SCP-Additions/SCP-Additions/src/main/java/com/bl4ues/scpinventory/events/BlockPickupHandler.java:83: error: cannot find symbol
/home/runner/work/SCP-Additions/SCP-Additions/src/main/java/com/bl4ues/scpinventory/events/CapabilityEvents.java:10: error: package net.minecraftforge.event does not exist
/home/runner/work/SCP-Additions/SCP-Additions/src/main/java/com/bl4ues/scpinventory/events/CapabilityEvents.java:22: error: cannot find symbol
/home/runner/work/SCP-Additions/SCP-Additions/src/main/java/com/bl4ues/scpinventory/network/InventoryFullPacket.java:6: error: cannot find symbol
/home/runner/work/SCP-Additions/SCP-Additions/src/main/java/com/bl4ues/scpinventory/network/CraftingStateSyncPacket.java:7: error: cannot find symbol
/home/runner/work/SCP-Additions/SCP-Additions/src/main/java/com/bl4ues/scpinventory/network/SyncInventoryPacket.java:7: error: cannot find symbol
/home/runner/work/SCP-Additions/SCP-Additions/src/main/java/com/bl4ues/scpinventory/network/UseHotbarItemPacket.java:8: error: cannot find symbol
/home/runner/work/SCP-Additions/SCP-Additions/src/main/java/com/bl4ues/scpinventory/client/ClientModEvents.java:6: error: cannot find symbol
/home/runner/work/SCP-Additions/SCP-Additions/src/main/java/com/bl4ues/scpinventory/client/ClientModEvents.java:17: error: cannot find symbol
/home/runner/work/SCP-Additions/SCP-Additions/src/main/java/com/bl4ues/scpinventory/client/Keybinds.java:5: error: package net.minecraftforge.client.settings does not exist
/home/runner/work/SCP-Additions/SCP-Additions/src/main/java/net/mcreator/scpadditions/item/HazmatArmorItem.java:14: error: package software.bernie.geckolib.core.animatable.instance does not exist
/home/runner/work/SCP-Additions/SCP-Additions/src/main/java/net/mcreator/scpadditions/item/HazmatArmorItem.java:15: error: package software.bernie.geckolib.core.animation does not exist
/home/runner/work/SCP-Additions/SCP-Additions/src/main/java/net/mcreator/scpadditions/item/HazmatArmorItem.java:23: error: cannot find symbol
/home/runner/work/SCP-Additions/SCP-Additions/src/main/java/net/mcreator/scpadditions/item/HazmatArmorItem.java:52: error: package AnimatableManager does not exist
/home/runner/work/SCP-Additions/SCP-Additions/src/main/java/net/mcreator/scpadditions/item/HazmatArmorItem.java:58: error: cannot find symbol
/home/runner/work/SCP-Additions/SCP-Additions/src/main/java/net/mcreator/scpadditions/item/HazmatArmorMaterial.java:17: error: interface expected here
/home/runner/work/SCP-Additions/SCP-Additions/src/main/java/net/mcreator/scpadditions/item/LegacyDrinkItemMappings.java:10: error: cannot find symbol
/home/runner/work/SCP-Additions/SCP-Additions/src/main/java/net/mcreator/scpadditions/item/LegacyDrinkItemMappings.java:89: error: cannot find symbol
/home/runner/work/SCP-Additions/SCP-Additions/src/main/java/net/mcreator/scpadditions/item/NamedSpawnEggItem.java:10: error: cannot find symbol
/home/runner/work/SCP-Additions/SCP-Additions/src/main/java/net/mcreator/scpadditions/item/NamedSpawnEggItem.java:16: error: cannot find symbol
/home/runner/work/SCP-Additions/SCP-Additions/src/main/java/net/mcreator/scpadditions/entity/BlinkWatcherEntity.java:14: error: package software.bernie.geckolib.core.animatable.instance does not exist
/home/runner/work/SCP-Additions/SCP-Additions/src/main/java/net/mcreator/scpadditions/entity/BlinkWatcherEntity.java:15: error: package software.bernie.geckolib.core.animation does not exist
/home/runner/work/SCP-Additions/SCP-Additions/src/main/java/net/mcreator/scpadditions/entity/BlinkWatcherEntity.java:19: error: cannot find symbol
/home/runner/work/SCP-Additions/SCP-Additions/src/main/java/net/mcreator/scpadditions/entity/BlinkWatcherEntity.java:42: error: package AnimatableManager does not exist
/home/runner/work/SCP-Additions/SCP-Additions/src/main/java/net/mcreator/scpadditions/entity/BlinkWatcherEntity.java:46: error: cannot find symbol
/home/runner/work/SCP-Additions/SCP-Additions/src/main/java/net/mcreator/scpadditions/entity/AbstractScp131Entity.java:30: error: package software.bernie.geckolib.core.animatable.instance does not exist
/home/runner/work/SCP-Additions/SCP-Additions/src/main/java/net/mcreator/scpadditions/entity/AbstractScp131Entity.java:31: error: package software.bernie.geckolib.core.animation does not exist
/home/runner/work/SCP-Additions/SCP-Additions/src/main/java/net/mcreator/scpadditions/entity/AbstractScp131Entity.java:32: error: package software.bernie.geckolib.core.animation does not exist
/home/runner/work/SCP-Additions/SCP-Additions/src/main/java/net/mcreator/scpadditions/entity/AbstractScp131Entity.java:33: error: package software.bernie.geckolib.core.animation does not exist
/home/runner/work/SCP-Additions/SCP-Additions/src/main/java/net/mcreator/scpadditions/entity/AbstractScp131Entity.java:42: error: cannot find symbol
/home/runner/work/SCP-Additions/SCP-Additions/src/main/java/net/mcreator/scpadditions/entity/AbstractScp131Entity.java:82: error: cannot find symbol
/home/runner/work/SCP-Additions/SCP-Additions/src/main/java/net/mcreator/scpadditions/entity/AbstractScp131Entity.java:237: error: package AnimatableManager does not exist
/home/runner/work/SCP-Additions/SCP-Additions/src/main/java/net/mcreator/scpadditions/entity/AbstractScp131Entity.java:242: error: cannot find symbol
/home/runner/work/SCP-Additions/SCP-Additions/src/main/java/net/mcreator/scpadditions/procedures/Scp1176OnBlockRightClickedProcedure.java:6: error: cannot find symbol
/home/runner/work/SCP-Additions/SCP-Additions/src/main/java/net/mcreator/scpadditions/inventory/ScpInventoryAccess.java:14: error: cannot find symbol
/home/runner/work/SCP-Additions/SCP-Additions/src/main/java/net/mcreator/scpadditions/inventory/ScpInventoryAccess.java:27: error: cannot find symbol
/home/runner/work/SCP-Additions/SCP-Additions/src/main/java/net/mcreator/scpadditions/block/Scp914dialRoughBlock.java:4: error: package net.minecraftforge.network does not exist
/home/runner/work/SCP-Additions/SCP-Additions/src/main/java/net/mcreator/scpadditions/block/entity/Scp294BlockEntity.java:5: error: cannot find symbol
/home/runner/work/SCP-Additions/SCP-Additions/src/main/java/net/mcreator/scpadditions/block/entity/Scp294BlockEntity.java:6: error: cannot find symbol
/home/runner/work/SCP-Additions/SCP-Additions/src/main/java/net/mcreator/scpadditions/block/entity/Scp294BlockEntity.java:7: error: cannot find symbol
/home/runner/work/SCP-Additions/SCP-Additions/src/main/java/net/mcreator/scpadditions/block/entity/Scp294BlockEntity.java:35: error: cannot find symbol
/home/runner/work/SCP-Additions/SCP-Additions/src/main/java/net/mcreator/scpadditions/block/entity/Scp294BlockEntity.java:131: error: cannot find symbol
/home/runner/work/SCP-Additions/SCP-Additions/src/main/java/net/mcreator/scpadditions/block/entity/Scp294BlockEntity.java:131: error: cannot find symbol
/home/runner/work/SCP-Additions/SCP-Additions/src/main/java/net/mcreator/scpadditions/block/entity/Scp294StockingBlockEntity.java:5: error: cannot find symbol
/home/runner/work/SCP-Additions/SCP-Additions/src/main/java/net/mcreator/scpadditions/block/entity/Scp294StockingBlockEntity.java:6: error: cannot find symbol
/home/runner/work/SCP-Additions/SCP-Additions/src/main/java/net/mcreator/scpadditions/block/entity/Scp294StockingBlockEntity.java:7: error: cannot find symbol
/home/runner/work/SCP-Additions/SCP-Additions/src/main/java/net/mcreator/scpadditions/block/entity/Scp294StockingBlockEntity.java:35: error: cannot find symbol
/home/runner/work/SCP-Additions/SCP-Additions/src/main/java/net/mcreator/scpadditions/block/entity/Scp294StockingBlockEntity.java:131: error: cannot find symbol
/home/runner/work/SCP-Additions/SCP-Additions/src/main/java/net/mcreator/scpadditions/block/entity/Scp294StockingBlockEntity.java:131: error: cannot find symbol
/home/runner/work/SCP-Additions/SCP-Additions/src/main/java/net/mcreator/scpadditions/block/entity/Scp294OutOfRangeBlockEntity.java:5: error: cannot find symbol
/home/runner/work/SCP-Additions/SCP-Additions/src/main/java/net/mcreator/scpadditions/block/entity/Scp294OutOfRangeBlockEntity.java:6: error: cannot find symbol
/home/runner/work/SCP-Additions/SCP-Additions/src/main/java/net/mcreator/scpadditions/block/entity/Scp294OutOfRangeBlockEntity.java:7: error: cannot find symbol
/home/runner/work/SCP-Additions/SCP-Additions/src/main/java/net/mcreator/scpadditions/block/entity/Scp294OutOfRangeBlockEntity.java:35: error: cannot find symbol
/home/runner/work/SCP-Additions/SCP-Additions/src/main/java/net/mcreator/scpadditions/block/entity/Scp294OutOfRangeBlockEntity.java:131: error: cannot find symbol
/home/runner/work/SCP-Additions/SCP-Additions/src/main/java/net/mcreator/scpadditions/block/entity/Scp294OutOfRangeBlockEntity.java:131: error: cannot find symbol
/home/runner/work/SCP-Additions/SCP-Additions/src/main/java/net/mcreator/scpadditions/block/Scp914dial1to1Block.java:4: error: package net.minecraftforge.network does not exist
/home/runner/work/SCP-Additions/SCP-Additions/src/main/java/net/mcreator/scpadditions/block/Scp914dialCoarseBlock.java:4: error: package net.minecraftforge.network does not exist
/home/runner/work/SCP-Additions/SCP-Additions/src/main/java/net/mcreator/scpadditions/block/Scp914dialVeryFineBlock.java:4: error: package net.minecraftforge.network does not exist
/home/runner/work/SCP-Additions/SCP-Additions/src/main/java/net/mcreator/scpadditions/block/TeslaTerminalBlockBlock.java:3: error: package net.minecraftforge.network does not exist
/home/runner/work/SCP-Additions/SCP-Additions/src/main/java/net/mcreator/scpadditions/block/Scp294Block.java:4: error: package net.minecraftforge.network does not exist
/home/runner/work/SCP-Additions/SCP-Additions/src/main/java/net/mcreator/scpadditions/block/Scp914dialFineBlock.java:4: error: package net.minecraftforge.network does not exist
/home/runner/work/SCP-Additions/SCP-Additions/src/main/java/net/mcreator/scpadditions/network/EquipmentProgressPacket.java:5: error: cannot find symbol
/home/runner/work/SCP-Additions/SCP-Additions/src/main/java/net/mcreator/scpadditions/network/BlinkStatePacket.java:5: error: cannot find symbol
/home/runner/work/SCP-Additions/SCP-Additions/src/main/java/net/mcreator/scpadditions/network/KeycardReaderOpenScreenPacket.java:6: error: cannot find symbol
/home/runner/work/SCP-Additions/SCP-Additions/src/main/java/net/mcreator/scpadditions/network/Scp012InfluencePacket.java:7: error: cannot find symbol
/home/runner/work/SCP-Additions/SCP-Additions/src/main/java/net/mcreator/scpadditions/network/Scp714ExposurePacket.java:6: error: cannot find symbol
/home/runner/work/SCP-Additions/SCP-Additions/src/main/java/net/mcreator/scpadditions/network/Scp131NoticePacket.java:5: error: cannot find symbol
/home/runner/work/SCP-Additions/SCP-Additions/src/main/java/net/mcreator/scpadditions/network/ScpAdditionsModVariables.java:11: error: package net.minecraftforge.event does not exist
/home/runner/work/SCP-Additions/SCP-Additions/src/main/java/net/mcreator/scpadditions/network/ScpAdditionsModVariables.java:12: error: cannot find symbol
/home/runner/work/SCP-Additions/SCP-Additions/src/main/java/net/mcreator/scpadditions/network/ScpAdditionsModVariables.java:15: error: cannot find symbol
/home/runner/work/SCP-Additions/SCP-Additions/src/main/java/net/mcreator/scpadditions/network/ScpAdditionsModVariables.java:16: error: cannot find symbol
/home/runner/work/SCP-Additions/SCP-Additions/src/main/java/net/mcreator/scpadditions/network/ScpAdditionsModVariables.java:17: error: cannot find symbol
/home/runner/work/SCP-Additions/SCP-Additions/src/main/java/net/mcreator/scpadditions/network/ScpAdditionsModVariables.java:18: error: cannot find symbol
/home/runner/work/SCP-Additions/SCP-Additions/src/main/java/net/mcreator/scpadditions/network/ScpAdditionsModVariables.java:277: error: cannot find symbol
/home/runner/work/SCP-Additions/SCP-Additions/src/main/java/net/mcreator/scpadditions/network/ScpAdditionsModVariables.java:281: error: cannot find symbol
/home/runner/work/SCP-Additions/SCP-Additions/src/main/java/net/mcreator/scpadditions/network/ScpAdditionsModVariables.java:283: error: cannot find symbol
/home/runner/work/SCP-Additions/SCP-Additions/src/main/java/net/mcreator/scpadditions/network/ScpAdditionsModVariables.java:289: error: cannot find symbol
/home/runner/work/SCP-Additions/SCP-Additions/src/main/java/net/mcreator/scpadditions/network/ScpAdditionsModVariables.java:292: error: cannot find symbol
/home/runner/work/SCP-Additions/SCP-Additions/src/main/java/net/mcreator/scpadditions/network/ScpAdditionsModVariables.java:292: error: cannot find symbol
/home/runner/work/SCP-Additions/SCP-Additions/src/main/java/net/mcreator/scpadditions/init/ScpAdditionsModMenus.java:12: error: cannot find symbol
/home/runner/work/SCP-Additions/SCP-Additions/src/main/java/net/mcreator/scpadditions/world/inventory/Scp294GuiMenu.java:12: error: cannot find symbol
/home/runner/work/SCP-Additions/SCP-Additions/src/main/java/net/mcreator/scpadditions/init/ScpAdditionsModTabs.java:10: error: package net.minecraftforge.event does not exist
/home/runner/work/SCP-Additions/SCP-Additions/src/main/java/net/mcreator/scpadditions/init/ScpAdditionsModTabs.java:78: error: cannot find symbol
/home/runner/work/SCP-Additions/SCP-Additions/src/main/java/net/mcreator/scpadditions/config/ui/ConfigCenterNetwork.java:8: error: cannot find symbol
/home/runner/work/SCP-Additions/SCP-Additions/src/main/java/net/mcreator/scpadditions/config/ui/ConfigCenterClient.java:23: error: package net.minecraftforge.client does not exist
/home/runner/work/SCP-Additions/SCP-Additions/src/main/java/net/mcreator/scpadditions/config/ui/ConfigCenterClient.java:25: error: package net.minecraftforge.fml does not exist
/home/runner/work/SCP-Additions/SCP-Additions/src/main/java/net/mcreator/scpadditions/vitals/client/ClientVitalsModEvents.java:6: error: cannot find symbol
FAILURE: Build failed with an exception.
* What went wrong:
  /home/runner/work/SCP-Additions/SCP-Additions/src/main/java/net/mcreator/scpadditions/item/HazmatArmorMaterial.java:17: error: interface expected here
  /home/runner/work/SCP-Additions/SCP-Additions/src/main/java/com/bl4ues/scpinventory/capability/ScpInventoryProvider.java:5: error: cannot find symbol
  /home/runner/work/SCP-Additions/SCP-Additions/src/main/java/com/bl4ues/scpinventory/capability/ScpInventoryProvider.java:6: error: cannot find symbol
  /home/runner/work/SCP-Additions/SCP-Additions/src/main/java/com/bl4ues/scpinventory/capability/ScpInventoryProvider.java:7: error: cannot find symbol
  /home/runner/work/SCP-Additions/SCP-Additions/src/main/java/com/bl4ues/scpinventory/capability/ScpInventoryProvider.java:14: error: cannot find symbol
  /home/runner/work/SCP-Additions/SCP-Additions/src/main/java/com/bl4ues/scpinventory/capability/ScpInventoryProvider.java:17: error: cannot find symbol
  /home/runner/work/SCP-Additions/SCP-Additions/src/main/java/com/bl4ues/scpinventory/capability/ScpInventoryProvider.java:21: error: cannot find symbol
  /home/runner/work/SCP-Additions/SCP-Additions/src/main/java/com/bl4ues/scpinventory/capability/ScpInventoryProvider.java:21: error: cannot find symbol
  /home/runner/work/SCP-Additions/SCP-Additions/src/main/java/com/bl4ues/scpinventory/capability/ScpInventoryCapability.java:3: error: cannot find symbol
  /home/runner/work/SCP-Additions/SCP-Additions/src/main/java/com/bl4ues/scpinventory/capability/ScpInventoryCapability.java:4: error: cannot find symbol
  /home/runner/work/SCP-Additions/SCP-Additions/src/main/java/com/bl4ues/scpinventory/capability/ScpInventoryCapability.java:5: error: cannot find symbol
  /home/runner/work/SCP-Additions/SCP-Additions/src/main/java/com/bl4ues/scpinventory/capability/ScpInventoryCapability.java:9: error: cannot find symbol
  /home/runner/work/SCP-Additions/SCP-Additions/src/main/java/com/bl4ues/scpinventory/events/BlockPickupHandler.java:15: error: cannot find symbol
  /home/runner/work/SCP-Additions/SCP-Additions/src/main/java/com/bl4ues/scpinventory/events/BlockPickupHandler.java:83: error: cannot find symbol
  /home/runner/work/SCP-Additions/SCP-Additions/src/main/java/com/bl4ues/scpinventory/events/CapabilityEvents.java:22: error: cannot find symbol
  /home/runner/work/SCP-Additions/SCP-Additions/src/main/java/com/bl4ues/scpinventory/network/InventoryFullPacket.java:6: error: cannot find symbol
  /home/runner/work/SCP-Additions/SCP-Additions/src/main/java/com/bl4ues/scpinventory/network/CraftingStateSyncPacket.java:7: error: cannot find symbol
  /home/runner/work/SCP-Additions/SCP-Additions/src/main/java/com/bl4ues/scpinventory/network/SyncInventoryPacket.java:7: error: cannot find symbol
  /home/runner/work/SCP-Additions/SCP-Additions/src/main/java/com/bl4ues/scpinventory/network/UseHotbarItemPacket.java:8: error: cannot find symbol
  /home/runner/work/SCP-Additions/SCP-Additions/src/main/java/com/bl4ues/scpinventory/client/ClientModEvents.java:6: error: cannot find symbol
  /home/runner/work/SCP-Additions/SCP-Additions/src/main/java/com/bl4ues/scpinventory/client/ClientModEvents.java:17: error: cannot find symbol
  /home/runner/work/SCP-Additions/SCP-Additions/src/main/java/net/mcreator/scpadditions/item/HazmatArmorItem.java:23: error: cannot find symbol
  /home/runner/work/SCP-Additions/SCP-Additions/src/main/java/net/mcreator/scpadditions/item/HazmatArmorItem.java:58: error: cannot find symbol
  /home/runner/work/SCP-Additions/SCP-Additions/src/main/java/net/mcreator/scpadditions/item/LegacyDrinkItemMappings.java:10: error: cannot find symbol
  /home/runner/work/SCP-Additions/SCP-Additions/src/main/java/net/mcreator/scpadditions/item/LegacyDrinkItemMappings.java:89: error: cannot find symbol
  /home/runner/work/SCP-Additions/SCP-Additions/src/main/java/net/mcreator/scpadditions/item/NamedSpawnEggItem.java:10: error: cannot find symbol
  /home/runner/work/SCP-Additions/SCP-Additions/src/main/java/net/mcreator/scpadditions/entity/BlinkWatcherEntity.java:19: error: cannot find symbol
  /home/runner/work/SCP-Additions/SCP-Additions/src/main/java/net/mcreator/scpadditions/entity/BlinkWatcherEntity.java:46: error: cannot find symbol
  /home/runner/work/SCP-Additions/SCP-Additions/src/main/java/net/mcreator/scpadditions/entity/AbstractScp131Entity.java:42: error: cannot find symbol
  /home/runner/work/SCP-Additions/SCP-Additions/src/main/java/net/mcreator/scpadditions/entity/AbstractScp131Entity.java:82: error: cannot find symbol
  /home/runner/work/SCP-Additions/SCP-Additions/src/main/java/net/mcreator/scpadditions/entity/AbstractScp131Entity.java:242: error: cannot find symbol
  /home/runner/work/SCP-Additions/SCP-Additions/src/main/java/net/mcreator/scpadditions/procedures/Scp1176OnBlockRightClickedProcedure.java:6: error: cannot find symbol
  /home/runner/work/SCP-Additions/SCP-Additions/src/main/java/net/mcreator/scpadditions/inventory/ScpInventoryAccess.java:14: error: cannot find symbol
  /home/runner/work/SCP-Additions/SCP-Additions/src/main/java/net/mcreator/scpadditions/inventory/ScpInventoryAccess.java:27: error: cannot find symbol
  /home/runner/work/SCP-Additions/SCP-Additions/src/main/java/net/mcreator/scpadditions/block/entity/Scp294BlockEntity.java:5: error: cannot find symbol
  /home/runner/work/SCP-Additions/SCP-Additions/src/main/java/net/mcreator/scpadditions/block/entity/Scp294BlockEntity.java:6: error: cannot find symbol
  /home/runner/work/SCP-Additions/SCP-Additions/src/main/java/net/mcreator/scpadditions/block/entity/Scp294BlockEntity.java:7: error: cannot find symbol
  /home/runner/work/SCP-Additions/SCP-Additions/src/main/java/net/mcreator/scpadditions/block/entity/Scp294BlockEntity.java:35: error: cannot find symbol
  /home/runner/work/SCP-Additions/SCP-Additions/src/main/java/net/mcreator/scpadditions/block/entity/Scp294BlockEntity.java:131: error: cannot find symbol
  /home/runner/work/SCP-Additions/SCP-Additions/src/main/java/net/mcreator/scpadditions/block/entity/Scp294BlockEntity.java:131: error: cannot find symbol
  /home/runner/work/SCP-Additions/SCP-Additions/src/main/java/net/mcreator/scpadditions/block/entity/Scp294StockingBlockEntity.java:5: error: cannot find symbol
  /home/runner/work/SCP-Additions/SCP-Additions/src/main/java/net/mcreator/scpadditions/block/entity/Scp294StockingBlockEntity.java:6: error: cannot find symbol
  /home/runner/work/SCP-Additions/SCP-Additions/src/main/java/net/mcreator/scpadditions/block/entity/Scp294StockingBlockEntity.java:7: error: cannot find symbol
  /home/runner/work/SCP-Additions/SCP-Additions/src/main/java/net/mcreator/scpadditions/block/entity/Scp294StockingBlockEntity.java:35: error: cannot find symbol
  /home/runner/work/SCP-Additions/SCP-Additions/src/main/java/net/mcreator/scpadditions/block/entity/Scp294StockingBlockEntity.java:131: error: cannot find symbol
  /home/runner/work/SCP-Additions/SCP-Additions/src/main/java/net/mcreator/scpadditions/block/entity/Scp294StockingBlockEntity.java:131: error: cannot find symbol
  /home/runner/work/SCP-Additions/SCP-Additions/src/main/java/net/mcreator/scpadditions/block/entity/Scp294OutOfRangeBlockEntity.java:5: error: cannot find symbol
  /home/runner/work/SCP-Additions/SCP-Additions/src/main/java/net/mcreator/scpadditions/block/entity/Scp294OutOfRangeBlockEntity.java:6: error: cannot find symbol
  /home/runner/work/SCP-Additions/SCP-Additions/src/main/java/net/mcreator/scpadditions/block/entity/Scp294OutOfRangeBlockEntity.java:7: error: cannot find symbol
  /home/runner/work/SCP-Additions/SCP-Additions/src/main/java/net/mcreator/scpadditions/block/entity/Scp294OutOfRangeBlockEntity.java:35: error: cannot find symbol
  /home/runner/work/SCP-Additions/SCP-Additions/src/main/java/net/mcreator/scpadditions/block/entity/Scp294OutOfRangeBlockEntity.java:131: error: cannot find symbol
  /home/runner/work/SCP-Additions/SCP-Additions/src/main/java/net/mcreator/scpadditions/block/entity/Scp294OutOfRangeBlockEntity.java:131: error: cannot find symbol
  /home/runner/work/SCP-Additions/SCP-Additions/src/main/java/net/mcreator/scpadditions/network/EquipmentProgressPacket.java:5: error: cannot find symbol
  /home/runner/work/SCP-Additions/SCP-Additions/src/main/java/net/mcreator/scpadditions/network/BlinkStatePacket.java:5: error: cannot find symbol
  /home/runner/work/SCP-Additions/SCP-Additions/src/main/java/net/mcreator/scpadditions/network/KeycardReaderOpenScreenPacket.java:6: error: cannot find symbol
  /home/runner/work/SCP-Additions/SCP-Additions/src/main/java/net/mcreator/scpadditions/network/Scp012InfluencePacket.java:7: error: cannot find symbol
  /home/runner/work/SCP-Additions/SCP-Additions/src/main/java/net/mcreator/scpadditions/network/Scp714ExposurePacket.java:6: error: cannot find symbol
  /home/runner/work/SCP-Additions/SCP-Additions/src/main/java/net/mcreator/scpadditions/network/Scp131NoticePacket.java:5: error: cannot find symbol
  /home/runner/work/SCP-Additions/SCP-Additions/src/main/java/net/mcreator/scpadditions/network/ScpAdditionsModVariables.java:12: error: cannot find symbol
  /home/runner/work/SCP-Additions/SCP-Additions/src/main/java/net/mcreator/scpadditions/network/ScpAdditionsModVariables.java:15: error: cannot find symbol
  /home/runner/work/SCP-Additions/SCP-Additions/src/main/java/net/mcreator/scpadditions/network/ScpAdditionsModVariables.java:16: error: cannot find symbol
  /home/runner/work/SCP-Additions/SCP-Additions/src/main/java/net/mcreator/scpadditions/network/ScpAdditionsModVariables.java:17: error: cannot find symbol
  /home/runner/work/SCP-Additions/SCP-Additions/src/main/java/net/mcreator/scpadditions/network/ScpAdditionsModVariables.java:18: error: cannot find symbol
  /home/runner/work/SCP-Additions/SCP-Additions/src/main/java/net/mcreator/scpadditions/network/ScpAdditionsModVariables.java:277: error: cannot find symbol
  /home/runner/work/SCP-Additions/SCP-Additions/src/main/java/net/mcreator/scpadditions/network/ScpAdditionsModVariables.java:281: error: cannot find symbol
  /home/runner/work/SCP-Additions/SCP-Additions/src/main/java/net/mcreator/scpadditions/network/ScpAdditionsModVariables.java:283: error: cannot find symbol
  /home/runner/work/SCP-Additions/SCP-Additions/src/main/java/net/mcreator/scpadditions/network/ScpAdditionsModVariables.java:289: error: cannot find symbol
  /home/runner/work/SCP-Additions/SCP-Additions/src/main/java/net/mcreator/scpadditions/network/ScpAdditionsModVariables.java:292: error: cannot find symbol
  /home/runner/work/SCP-Additions/SCP-Additions/src/main/java/net/mcreator/scpadditions/network/ScpAdditionsModVariables.java:292: error: cannot find symbol
  /home/runner/work/SCP-Additions/SCP-Additions/src/main/java/net/mcreator/scpadditions/init/ScpAdditionsModMenus.java:12: error: cannot find symbol
  /home/runner/work/SCP-Additions/SCP-Additions/src/main/java/net/mcreator/scpadditions/world/inventory/Scp294GuiMenu.java:12: error: cannot find symbol
  /home/runner/work/SCP-Additions/SCP-Additions/src/main/java/net/mcreator/scpadditions/init/ScpAdditionsModTabs.java:78: error: cannot find symbol
  /home/runner/work/SCP-Additions/SCP-Additions/src/main/java/net/mcreator/scpadditions/config/ui/ConfigCenterNetwork.java:8: error: cannot find symbol
  /home/runner/work/SCP-Additions/SCP-Additions/src/main/java/net/mcreator/scpadditions/vitals/client/ClientVitalsModEvents.java:6: error: cannot find symbol
  /home/runner/work/SCP-Additions/SCP-Additions/src/main/java/com/bl4ues/scpinventory/capability/ScpInventoryProvider.java:12: error: cannot find symbol
  /home/runner/work/SCP-Additions/SCP-Additions/src/main/java/net/mcreator/scpadditions/item/NamedSpawnEggItem.java:16: error: cannot find symbol
  /home/runner/work/SCP-Additions/SCP-Additions/src/main/java/com/bl4ues/scpinventory/events/CapabilityEvents.java:10: error: package net.minecraftforge.event does not exist
  /home/runner/work/SCP-Additions/SCP-Additions/src/main/java/com/bl4ues/scpinventory/client/Keybinds.java:5: error: package net.minecraftforge.client.settings does not exist
  /home/runner/work/SCP-Additions/SCP-Additions/src/main/java/net/mcreator/scpadditions/item/HazmatArmorItem.java:14: error: package software.bernie.geckolib.core.animatable.instance does not exist
  /home/runner/work/SCP-Additions/SCP-Additions/src/main/java/net/mcreator/scpadditions/item/HazmatArmorItem.java:15: error: package software.bernie.geckolib.core.animation does not exist
  /home/runner/work/SCP-Additions/SCP-Additions/src/main/java/net/mcreator/scpadditions/item/HazmatArmorItem.java:52: error: package AnimatableManager does not exist
  /home/runner/work/SCP-Additions/SCP-Additions/src/main/java/net/mcreator/scpadditions/entity/BlinkWatcherEntity.java:14: error: package software.bernie.geckolib.core.animatable.instance does not exist
  /home/runner/work/SCP-Additions/SCP-Additions/src/main/java/net/mcreator/scpadditions/entity/BlinkWatcherEntity.java:15: error: package software.bernie.geckolib.core.animation does not exist
  /home/runner/work/SCP-Additions/SCP-Additions/src/main/java/net/mcreator/scpadditions/entity/BlinkWatcherEntity.java:42: error: package AnimatableManager does not exist
  /home/runner/work/SCP-Additions/SCP-Additions/src/main/java/net/mcreator/scpadditions/entity/AbstractScp131Entity.java:30: error: package software.bernie.geckolib.core.animatable.instance does not exist
  /home/runner/work/SCP-Additions/SCP-Additions/src/main/java/net/mcreator/scpadditions/entity/AbstractScp131Entity.java:31: error: package software.bernie.geckolib.core.animation does not exist
  /home/runner/work/SCP-Additions/SCP-Additions/src/main/java/net/mcreator/scpadditions/entity/AbstractScp131Entity.java:32: error: package software.bernie.geckolib.core.animation does not exist
  /home/runner/work/SCP-Additions/SCP-Additions/src/main/java/net/mcreator/scpadditions/entity/AbstractScp131Entity.java:33: error: package software.bernie.geckolib.core.animation does not exist
  /home/runner/work/SCP-Additions/SCP-Additions/src/main/java/net/mcreator/scpadditions/entity/AbstractScp131Entity.java:237: error: package AnimatableManager does not exist
  /home/runner/work/SCP-Additions/SCP-Additions/src/main/java/net/mcreator/scpadditions/block/Scp914dialRoughBlock.java:4: error: package net.minecraftforge.network does not exist
  /home/runner/work/SCP-Additions/SCP-Additions/src/main/java/net/mcreator/scpadditions/block/Scp914dial1to1Block.java:4: error: package net.minecraftforge.network does not exist
  /home/runner/work/SCP-Additions/SCP-Additions/src/main/java/net/mcreator/scpadditions/block/Scp914dialCoarseBlock.java:4: error: package net.minecraftforge.network does not exist
  /home/runner/work/SCP-Additions/SCP-Additions/src/main/java/net/mcreator/scpadditions/block/Scp914dialVeryFineBlock.java:4: error: package net.minecraftforge.network does not exist
  /home/runner/work/SCP-Additions/SCP-Additions/src/main/java/net/mcreator/scpadditions/block/TeslaTerminalBlockBlock.java:3: error: package net.minecraftforge.network does not exist
  /home/runner/work/SCP-Additions/SCP-Additions/src/main/java/net/mcreator/scpadditions/block/Scp294Block.java:4: error: package net.minecraftforge.network does not exist
  /home/runner/work/SCP-Additions/SCP-Additions/src/main/java/net/mcreator/scpadditions/block/Scp914dialFineBlock.java:4: error: package net.minecraftforge.network does not exist
  /home/runner/work/SCP-Additions/SCP-Additions/src/main/java/net/mcreator/scpadditions/network/ScpAdditionsModVariables.java:11: error: package net.minecraftforge.event does not exist
  /home/runner/work/SCP-Additions/SCP-Additions/src/main/java/net/mcreator/scpadditions/init/ScpAdditionsModTabs.java:10: error: package net.minecraftforge.event does not exist
  /home/runner/work/SCP-Additions/SCP-Additions/src/main/java/net/mcreator/scpadditions/config/ui/ConfigCenterClient.java:23: error: package net.minecraftforge.client does not exist
  /home/runner/work/SCP-Additions/SCP-Additions/src/main/java/net/mcreator/scpadditions/config/ui/ConfigCenterClient.java:25: error: package net.minecraftforge.fml does not exist
/home/runner/work/SCP-Additions/SCP-Additions/src/main/java/net/mcreator/scpadditions/item/HazmatArmorMaterial.java:17: error: interface expected here
/home/runner/work/SCP-Additions/SCP-Additions/src/main/java/com/bl4ues/scpinventory/capability/ScpInventoryProvider.java:5: error: cannot find symbol
/home/runner/work/SCP-Additions/SCP-Additions/src/main/java/com/bl4ues/scpinventory/capability/ScpInventoryProvider.java:6: error: cannot find symbol
/home/runner/work/SCP-Additions/SCP-Additions/src/main/java/com/bl4ues/scpinventory/capability/ScpInventoryProvider.java:7: error: cannot find symbol
/home/runner/work/SCP-Additions/SCP-Additions/src/main/java/com/bl4ues/scpinventory/capability/ScpInventoryProvider.java:14: error: cannot find symbol
/home/runner/work/SCP-Additions/SCP-Additions/src/main/java/com/bl4ues/scpinventory/capability/ScpInventoryProvider.java:17: error: cannot find symbol
/home/runner/work/SCP-Additions/SCP-Additions/src/main/java/com/bl4ues/scpinventory/capability/ScpInventoryProvider.java:21: error: cannot find symbol
/home/runner/work/SCP-Additions/SCP-Additions/src/main/java/com/bl4ues/scpinventory/capability/ScpInventoryProvider.java:21: error: cannot find symbol
/home/runner/work/SCP-Additions/SCP-Additions/src/main/java/com/bl4ues/scpinventory/capability/ScpInventoryCapability.java:3: error: cannot find symbol
/home/runner/work/SCP-Additions/SCP-Additions/src/main/java/com/bl4ues/scpinventory/capability/ScpInventoryCapability.java:4: error: cannot find symbol
/home/runner/work/SCP-Additions/SCP-Additions/src/main/java/com/bl4ues/scpinventory/capability/ScpInventoryCapability.java:5: error: cannot find symbol
/home/runner/work/SCP-Additions/SCP-Additions/src/main/java/com/bl4ues/scpinventory/capability/ScpInventoryCapability.java:9: error: cannot find symbol
/home/runner/work/SCP-Additions/SCP-Additions/src/main/java/com/bl4ues/scpinventory/events/BlockPickupHandler.java:15: error: cannot find symbol
/home/runner/work/SCP-Additions/SCP-Additions/src/main/java/com/bl4ues/scpinventory/events/BlockPickupHandler.java:83: error: cannot find symbol
/home/runner/work/SCP-Additions/SCP-Additions/src/main/java/com/bl4ues/scpinventory/events/CapabilityEvents.java:22: error: cannot find symbol
/home/runner/work/SCP-Additions/SCP-Additions/src/main/java/com/bl4ues/scpinventory/network/InventoryFullPacket.java:6: error: cannot find symbol
/home/runner/work/SCP-Additions/SCP-Additions/src/main/java/com/bl4ues/scpinventory/network/CraftingStateSyncPacket.java:7: error: cannot find symbol
/home/runner/work/SCP-Additions/SCP-Additions/src/main/java/com/bl4ues/scpinventory/network/SyncInventoryPacket.java:7: error: cannot find symbol
/home/runner/work/SCP-Additions/SCP-Additions/src/main/java/com/bl4ues/scpinventory/network/UseHotbarItemPacket.java:8: error: cannot find symbol
/home/runner/work/SCP-Additions/SCP-Additions/src/main/java/com/bl4ues/scpinventory/client/ClientModEvents.java:6: error: cannot find symbol
/home/runner/work/SCP-Additions/SCP-Additions/src/main/java/com/bl4ues/scpinventory/client/ClientModEvents.java:17: error: cannot find symbol
/home/runner/work/SCP-Additions/SCP-Additions/src/main/java/net/mcreator/scpadditions/item/HazmatArmorItem.java:23: error: cannot find symbol
/home/runner/work/SCP-Additions/SCP-Additions/src/main/java/net/mcreator/scpadditions/item/HazmatArmorItem.java:58: error: cannot find symbol
/home/runner/work/SCP-Additions/SCP-Additions/src/main/java/net/mcreator/scpadditions/item/LegacyDrinkItemMappings.java:10: error: cannot find symbol
/home/runner/work/SCP-Additions/SCP-Additions/src/main/java/net/mcreator/scpadditions/item/LegacyDrinkItemMappings.java:89: error: cannot find symbol
/home/runner/work/SCP-Additions/SCP-Additions/src/main/java/net/mcreator/scpadditions/item/NamedSpawnEggItem.java:10: error: cannot find symbol
/home/runner/work/SCP-Additions/SCP-Additions/src/main/java/net/mcreator/scpadditions/entity/BlinkWatcherEntity.java:19: error: cannot find symbol
/home/runner/work/SCP-Additions/SCP-Additions/src/main/java/net/mcreator/scpadditions/entity/BlinkWatcherEntity.java:46: error: cannot find symbol
/home/runner/work/SCP-Additions/SCP-Additions/src/main/java/net/mcreator/scpadditions/entity/AbstractScp131Entity.java:42: error: cannot find symbol
/home/runner/work/SCP-Additions/SCP-Additions/src/main/java/net/mcreator/scpadditions/entity/AbstractScp131Entity.java:82: error: cannot find symbol
/home/runner/work/SCP-Additions/SCP-Additions/src/main/java/net/mcreator/scpadditions/entity/AbstractScp131Entity.java:242: error: cannot find symbol
/home/runner/work/SCP-Additions/SCP-Additions/src/main/java/net/mcreator/scpadditions/procedures/Scp1176OnBlockRightClickedProcedure.java:6: error: cannot find symbol
/home/runner/work/SCP-Additions/SCP-Additions/src/main/java/net/mcreator/scpadditions/inventory/ScpInventoryAccess.java:14: error: cannot find symbol
/home/runner/work/SCP-Additions/SCP-Additions/src/main/java/net/mcreator/scpadditions/inventory/ScpInventoryAccess.java:27: error: cannot find symbol
/home/runner/work/SCP-Additions/SCP-Additions/src/main/java/net/mcreator/scpadditions/block/entity/Scp294BlockEntity.java:5: error: cannot find symbol
/home/runner/work/SCP-Additions/SCP-Additions/src/main/java/net/mcreator/scpadditions/block/entity/Scp294BlockEntity.java:6: error: cannot find symbol
/home/runner/work/SCP-Additions/SCP-Additions/src/main/java/net/mcreator/scpadditions/block/entity/Scp294BlockEntity.java:7: error: cannot find symbol
/home/runner/work/SCP-Additions/SCP-Additions/src/main/java/net/mcreator/scpadditions/block/entity/Scp294BlockEntity.java:35: error: cannot find symbol
/home/runner/work/SCP-Additions/SCP-Additions/src/main/java/net/mcreator/scpadditions/block/entity/Scp294BlockEntity.java:131: error: cannot find symbol
/home/runner/work/SCP-Additions/SCP-Additions/src/main/java/net/mcreator/scpadditions/block/entity/Scp294BlockEntity.java:131: error: cannot find symbol
/home/runner/work/SCP-Additions/SCP-Additions/src/main/java/net/mcreator/scpadditions/block/entity/Scp294StockingBlockEntity.java:5: error: cannot find symbol
/home/runner/work/SCP-Additions/SCP-Additions/src/main/java/net/mcreator/scpadditions/block/entity/Scp294StockingBlockEntity.java:6: error: cannot find symbol
/home/runner/work/SCP-Additions/SCP-Additions/src/main/java/net/mcreator/scpadditions/block/entity/Scp294StockingBlockEntity.java:7: error: cannot find symbol
/home/runner/work/SCP-Additions/SCP-Additions/src/main/java/net/mcreator/scpadditions/block/entity/Scp294StockingBlockEntity.java:35: error: cannot find symbol
/home/runner/work/SCP-Additions/SCP-Additions/src/main/java/net/mcreator/scpadditions/block/entity/Scp294StockingBlockEntity.java:131: error: cannot find symbol
/home/runner/work/SCP-Additions/SCP-Additions/src/main/java/net/mcreator/scpadditions/block/entity/Scp294StockingBlockEntity.java:131: error: cannot find symbol
/home/runner/work/SCP-Additions/SCP-Additions/src/main/java/net/mcreator/scpadditions/block/entity/Scp294OutOfRangeBlockEntity.java:5: error: cannot find symbol
/home/runner/work/SCP-Additions/SCP-Additions/src/main/java/net/mcreator/scpadditions/block/entity/Scp294OutOfRangeBlockEntity.java:6: error: cannot find symbol
/home/runner/work/SCP-Additions/SCP-Additions/src/main/java/net/mcreator/scpadditions/block/entity/Scp294OutOfRangeBlockEntity.java:7: error: cannot find symbol
/home/runner/work/SCP-Additions/SCP-Additions/src/main/java/net/mcreator/scpadditions/block/entity/Scp294OutOfRangeBlockEntity.java:35: error: cannot find symbol
/home/runner/work/SCP-Additions/SCP-Additions/src/main/java/net/mcreator/scpadditions/block/entity/Scp294OutOfRangeBlockEntity.java:131: error: cannot find symbol
/home/runner/work/SCP-Additions/SCP-Additions/src/main/java/net/mcreator/scpadditions/block/entity/Scp294OutOfRangeBlockEntity.java:131: error: cannot find symbol
/home/runner/work/SCP-Additions/SCP-Additions/src/main/java/net/mcreator/scpadditions/network/EquipmentProgressPacket.java:5: error: cannot find symbol
/home/runner/work/SCP-Additions/SCP-Additions/src/main/java/net/mcreator/scpadditions/network/BlinkStatePacket.java:5: error: cannot find symbol
/home/runner/work/SCP-Additions/SCP-Additions/src/main/java/net/mcreator/scpadditions/network/KeycardReaderOpenScreenPacket.java:6: error: cannot find symbol
/home/runner/work/SCP-Additions/SCP-Additions/src/main/java/net/mcreator/scpadditions/network/Scp012InfluencePacket.java:7: error: cannot find symbol
/home/runner/work/SCP-Additions/SCP-Additions/src/main/java/net/mcreator/scpadditions/network/Scp714ExposurePacket.java:6: error: cannot find symbol
/home/runner/work/SCP-Additions/SCP-Additions/src/main/java/net/mcreator/scpadditions/network/Scp131NoticePacket.java:5: error: cannot find symbol
/home/runner/work/SCP-Additions/SCP-Additions/src/main/java/net/mcreator/scpadditions/network/ScpAdditionsModVariables.java:12: error: cannot find symbol
/home/runner/work/SCP-Additions/SCP-Additions/src/main/java/net/mcreator/scpadditions/network/ScpAdditionsModVariables.java:15: error: cannot find symbol
/home/runner/work/SCP-Additions/SCP-Additions/src/main/java/net/mcreator/scpadditions/network/ScpAdditionsModVariables.java:16: error: cannot find symbol
/home/runner/work/SCP-Additions/SCP-Additions/src/main/java/net/mcreator/scpadditions/network/ScpAdditionsModVariables.java:17: error: cannot find symbol
/home/runner/work/SCP-Additions/SCP-Additions/src/main/java/net/mcreator/scpadditions/network/ScpAdditionsModVariables.java:18: error: cannot find symbol
/home/runner/work/SCP-Additions/SCP-Additions/src/main/java/net/mcreator/scpadditions/network/ScpAdditionsModVariables.java:277: error: cannot find symbol
/home/runner/work/SCP-Additions/SCP-Additions/src/main/java/net/mcreator/scpadditions/network/ScpAdditionsModVariables.java:281: error: cannot find symbol
/home/runner/work/SCP-Additions/SCP-Additions/src/main/java/net/mcreator/scpadditions/network/ScpAdditionsModVariables.java:283: error: cannot find symbol
/home/runner/work/SCP-Additions/SCP-Additions/src/main/java/net/mcreator/scpadditions/network/ScpAdditionsModVariables.java:289: error: cannot find symbol
/home/runner/work/SCP-Additions/SCP-Additions/src/main/java/net/mcreator/scpadditions/network/ScpAdditionsModVariables.java:292: error: cannot find symbol
/home/runner/work/SCP-Additions/SCP-Additions/src/main/java/net/mcreator/scpadditions/network/ScpAdditionsModVariables.java:292: error: cannot find symbol
/home/runner/work/SCP-Additions/SCP-Additions/src/main/java/net/mcreator/scpadditions/init/ScpAdditionsModMenus.java:12: error: cannot find symbol
/home/runner/work/SCP-Additions/SCP-Additions/src/main/java/net/mcreator/scpadditions/world/inventory/Scp294GuiMenu.java:12: error: cannot find symbol
/home/runner/work/SCP-Additions/SCP-Additions/src/main/java/net/mcreator/scpadditions/init/ScpAdditionsModTabs.java:78: error: cannot find symbol
/home/runner/work/SCP-Additions/SCP-Additions/src/main/java/net/mcreator/scpadditions/config/ui/ConfigCenterNetwork.java:8: error: cannot find symbol
/home/runner/work/SCP-Additions/SCP-Additions/src/main/java/net/mcreator/scpadditions/vitals/client/ClientVitalsModEvents.java:6: error: cannot find symbol
/home/runner/work/SCP-Additions/SCP-Additions/src/main/java/com/bl4ues/scpinventory/capability/ScpInventoryProvider.java:12: error: cannot find symbol
/home/runner/work/SCP-Additions/SCP-Additions/src/main/java/net/mcreator/scpadditions/item/NamedSpawnEggItem.java:16: error: cannot find symbol
/home/runner/work/SCP-Additions/SCP-Additions/src/main/java/com/bl4ues/scpinventory/events/CapabilityEvents.java:10: error: package net.minecraftforge.event does not exist
/home/runner/work/SCP-Additions/SCP-Additions/src/main/java/com/bl4ues/scpinventory/client/Keybinds.java:5: error: package net.minecraftforge.client.settings does not exist
/home/runner/work/SCP-Additions/SCP-Additions/src/main/java/net/mcreator/scpadditions/item/HazmatArmorItem.java:14: error: package software.bernie.geckolib.core.animatable.instance does not exist
/home/runner/work/SCP-Additions/SCP-Additions/src/main/java/net/mcreator/scpadditions/item/HazmatArmorItem.java:15: error: package software.bernie.geckolib.core.animation does not exist
/home/runner/work/SCP-Additions/SCP-Additions/src/main/java/net/mcreator/scpadditions/item/HazmatArmorItem.java:52: error: package AnimatableManager does not exist
/home/runner/work/SCP-Additions/SCP-Additions/src/main/java/net/mcreator/scpadditions/entity/BlinkWatcherEntity.java:14: error: package software.bernie.geckolib.core.animatable.instance does not exist
/home/runner/work/SCP-Additions/SCP-Additions/src/main/java/net/mcreator/scpadditions/entity/BlinkWatcherEntity.java:15: error: package software.bernie.geckolib.core.animation does not exist
/home/runner/work/SCP-Additions/SCP-Additions/src/main/java/net/mcreator/scpadditions/entity/BlinkWatcherEntity.java:42: error: package AnimatableManager does not exist
/home/runner/work/SCP-Additions/SCP-Additions/src/main/java/net/mcreator/scpadditions/entity/AbstractScp131Entity.java:30: error: package software.bernie.geckolib.core.animatable.instance does not exist
/home/runner/work/SCP-Additions/SCP-Additions/src/main/java/net/mcreator/scpadditions/entity/AbstractScp131Entity.java:31: error: package software.bernie.geckolib.core.animation does not exist
/home/runner/work/SCP-Additions/SCP-Additions/src/main/java/net/mcreator/scpadditions/entity/AbstractScp131Entity.java:32: error: package software.bernie.geckolib.core.animation does not exist
/home/runner/work/SCP-Additions/SCP-Additions/src/main/java/net/mcreator/scpadditions/entity/AbstractScp131Entity.java:33: error: package software.bernie.geckolib.core.animation does not exist
/home/runner/work/SCP-Additions/SCP-Additions/src/main/java/net/mcreator/scpadditions/entity/AbstractScp131Entity.java:237: error: package AnimatableManager does not exist
/home/runner/work/SCP-Additions/SCP-Additions/src/main/java/net/mcreator/scpadditions/block/Scp914dialRoughBlock.java:4: error: package net.minecraftforge.network does not exist
/home/runner/work/SCP-Additions/SCP-Additions/src/main/java/net/mcreator/scpadditions/block/Scp914dial1to1Block.java:4: error: package net.minecraftforge.network does not exist
/home/runner/work/SCP-Additions/SCP-Additions/src/main/java/net/mcreator/scpadditions/block/Scp914dialCoarseBlock.java:4: error: package net.minecraftforge.network does not exist
/home/runner/work/SCP-Additions/SCP-Additions/src/main/java/net/mcreator/scpadditions/block/Scp914dialVeryFineBlock.java:4: error: package net.minecraftforge.network does not exist
/home/runner/work/SCP-Additions/SCP-Additions/src/main/java/net/mcreator/scpadditions/block/TeslaTerminalBlockBlock.java:3: error: package net.minecraftforge.network does not exist
/home/runner/work/SCP-Additions/SCP-Additions/src/main/java/net/mcreator/scpadditions/block/Scp294Block.java:4: error: package net.minecraftforge.network does not exist
/home/runner/work/SCP-Additions/SCP-Additions/src/main/java/net/mcreator/scpadditions/block/Scp914dialFineBlock.java:4: error: package net.minecraftforge.network does not exist
/home/runner/work/SCP-Additions/SCP-Additions/src/main/java/net/mcreator/scpadditions/network/ScpAdditionsModVariables.java:11: error: package net.minecraftforge.event does not exist
/home/runner/work/SCP-Additions/SCP-Additions/src/main/java/net/mcreator/scpadditions/init/ScpAdditionsModTabs.java:10: error: package net.minecraftforge.event does not exist
/home/runner/work/SCP-Additions/SCP-Additions/src/main/java/net/mcreator/scpadditions/config/ui/ConfigCenterClient.java:23: error: package net.minecraftforge.client does not exist
/home/runner/work/SCP-Additions/SCP-Additions/src/main/java/net/mcreator/scpadditions/config/ui/ConfigCenterClient.java:25: error: package net.minecraftforge.fml does not exist
BUILD FAILED in 29s
